# JRE version: OpenJDK Runtime Environment Temurin-21.0.9+10 (21.0.9+10) (build 21.0.9+10-LTS)
# Java VM: OpenJDK 64-Bit Server VM Temurin-21.0.9+10 (21.0.9+10-LTS, mixed mode, sharing, tiered, compressed oops, compressed class ptrs, g1 gc, windows-amd64)
GC Precious Log:
 CardTable entry size: 512
 Card Set container configuration: InlinePtr #cards 4 size 8 Array Of Cards #cards 16 size 48 Howl #buckets 8 coarsen threshold 3686 Howl Bitmap #cards 512 size 80 coarsen threshold 460 Card regions per heap region 1 cards per card region 4096
 CPUs: 4 total, 4 available
 Memory: 4000M
 Large Page Support: Disabled
 NUMA Support: Disabled
 Compressed Oops: Enabled (Zero based)
 Heap Region Size: 2M
 Heap Min Capacity: 8M
 Heap Initial Capacity: 64M
 Heap Max Capacity: 3G
 Pre-touch: Disabled
 Parallel Workers: 4
 Concurrent Workers: 1
 Concurrent Refinement Workers: 4
 Periodic GC: Disabled
Heap:
 garbage-first heap   total 583680K, used 297984K [0x0000000740000000, 0x0000000800000000)
  region size 2048K, 3 young (6144K), 3 survivors (6144K)
 Metaspace       used 78259K, committed 80384K, reserved 1179648K
  class space    used 11177K, committed 12224K, reserved 1048576K
GC Heap History (20 events):
Event: 45.403 GC heap after
{Heap after GC invocations=34 (full 0):
 garbage-first heap   total 180224K, used 60235K [0x0000000740000000, 0x0000000800000000)
  region size 2048K, 2 young (4096K), 2 survivors (4096K)
 Metaspace       used 66954K, committed 68992K, reserved 1114112K
  class space    used 9479K, committed 10496K, reserved 1048576K
}
Event: 56.904 GC heap before
{Heap before GC invocations=35 (full 0):
 garbage-first heap   total 180224K, used 176971K [0x0000000740000000, 0x0000000800000000)
  region size 2048K, 41 young (83968K), 2 survivors (4096K)
 Metaspace       used 70031K, committed 72064K, reserved 1114112K
  class space    used 9973K, committed 11008K, reserved 1048576K
}
Event: 57.042 GC heap after
{Heap after GC invocations=36 (full 0):
 garbage-first heap   total 215040K, used 97534K [0x0000000740000000, 0x0000000800000000)
  region size 2048K, 7 young (14336K), 7 survivors (14336K)
 Metaspace       used 70031K, committed 72064K, reserved 1114112K
  class space    used 9973K, committed 11008K, reserved 1048576K
}
Event: 57.174 GC heap before
{Heap before GC invocations=36 (full 0):
 garbage-first heap   total 215040K, used 122110K [0x0000000740000000, 0x0000000800000000)
  region size 2048K, 19 young (38912K), 7 survivors (14336K)
 Metaspace       used 70038K, committed 72064K, reserved 1114112K
  class space    used 9973K, committed 11008K, reserved 1048576K
}
Event: 57.270 GC heap after
{Heap after GC invocations=37 (full 0):
 garbage-first heap   total 215040K, used 114688K [0x0000000740000000, 0x0000000800000000)
  region size 2048K, 3 young (6144K), 3 survivors (6144K)
 Metaspace       used 70038K, committed 72064K, reserved 1114112K
  class space    used 9973K, committed 11008K, reserved 1048576K
}
Event: 57.411 GC heap before
{Heap before GC invocations=37 (full 0):
 garbage-first heap   total 215040K, used 163840K [0x0000000740000000, 0x0000000800000000)
  region size 2048K, 27 young (55296K), 3 survivors (6144K)
 Metaspace       used 70038K, committed 72064K, reserved 1114112K
  class space    used 9973K, committed 11008K, reserved 1048576K
}
Event: 57.513 GC heap after
{Heap after GC invocations=38 (full 0):
 garbage-first heap   total 215040K, used 150528K [0x0000000740000000, 0x0000000800000000)
  region size 2048K, 4 young (8192K), 4 survivors (8192K)
 Metaspace       used 70038K, committed 72064K, reserved 1114112K
  class space    used 9973K, committed 11008K, reserved 1048576K
}
Event: 57.637 GC heap before
{Heap before GC invocations=38 (full 0):
 garbage-first heap   total 215040K, used 175104K [0x0000000740000000, 0x0000000800000000)
  region size 2048K, 16 young (32768K), 4 survivors (8192K)
 Metaspace       used 70134K, committed 72192K, reserved 1114112K
  class space    used 9984K, committed 11008K, reserved 1048576K
}
Event: 57.696 GC heap after
{Heap after GC invocations=39 (full 0):
 garbage-first heap   total 585728K, used 168960K [0x0000000740000000, 0x0000000800000000)
  region size 2048K, 2 young (4096K), 2 survivors (4096K)
 Metaspace       used 70134K, committed 72192K, reserved 1114112K
  class space    used 9984K, committed 11008K, reserved 1048576K
}
Event: 60.574 GC heap before
{Heap before GC invocations=40 (full 0):
 garbage-first heap   total 573440K, used 351232K [0x0000000740000000, 0x0000000800000000)
  region size 2048K, 39 young (79872K), 2 survivors (4096K)
 Metaspace       used 71192K, committed 73152K, reserved 1114112K
  class space    used 10162K, committed 11136K, reserved 1048576K
}
Event: 60.944 GC heap after
{Heap after GC invocations=41 (full 0):
 garbage-first heap   total 573440K, used 206848K [0x0000000740000000, 0x0000000800000000)
  region size 2048K, 5 young (10240K), 5 survivors (10240K)
 Metaspace       used 71192K, committed 73152K, reserved 1114112K
  class space    used 10162K, committed 11136K, reserved 1048576K
}
Event: 61.213 GC heap before
{Heap before GC invocations=41 (full 0):
 garbage-first heap   total 573440K, used 223232K [0x0000000740000000, 0x0000000800000000)
  region size 2048K, 14 young (28672K), 5 survivors (10240K)
 Metaspace       used 71208K, committed 73216K, reserved 1114112K
  class space    used 10162K, committed 11136K, reserved 1048576K
}
Event: 61.297 GC heap after
{Heap after GC invocations=42 (full 0):
 garbage-first heap   total 573440K, used 211968K [0x0000000740000000, 0x0000000800000000)
  region size 2048K, 2 young (4096K), 2 survivors (4096K)
 Metaspace       used 71208K, committed 73216K, reserved 1114112K
  class space    used 10162K, committed 11136K, reserved 1048576K
}
Event: 89.144 GC heap before
{Heap before GC invocations=42 (full 0):
 garbage-first heap   total 573440K, used 295936K [0x0000000740000000, 0x0000000800000000)
  region size 2048K, 44 young (90112K), 2 survivors (4096K)
 Metaspace       used 74820K, committed 76800K, reserved 1114112K
  class space    used 10761K, committed 11712K, reserved 1048576K
}
Event: 89.344 GC heap after
{Heap after GC invocations=43 (full 0):
 garbage-first heap   total 573440K, used 225825K [0x0000000740000000, 0x0000000800000000)
  region size 2048K, 6 young (12288K), 6 survivors (12288K)
 Metaspace       used 74820K, committed 76800K, reserved 1114112K
  class space    used 10761K, committed 11712K, reserved 1048576K
}
Event: 90.907 GC heap before
{Heap before GC invocations=43 (full 0):
 garbage-first heap   total 573440K, used 240161K [0x0000000740000000, 0x0000000800000000)
  region size 2048K, 14 young (28672K), 6 survivors (12288K)
 Metaspace       used 76588K, committed 78656K, reserved 1179648K
  class space    used 11014K, committed 12032K, reserved 1048576K
}
Event: 91.002 GC heap after
{Heap after GC invocations=44 (full 0):
 garbage-first heap   total 573440K, used 228078K [0x0000000740000000, 0x0000000800000000)
  region size 2048K, 2 young (4096K), 2 survivors (4096K)
 Metaspace       used 76588K, committed 78656K, reserved 1179648K
  class space    used 11014K, committed 12032K, reserved 1048576K
}
Event: 97.894 GC heap before
{Heap before GC invocations=44 (full 0):
 garbage-first heap   total 573440K, used 303854K [0x0000000740000000, 0x0000000800000000)
  region size 2048K, 40 young (81920K), 2 survivors (4096K)
 Metaspace       used 78259K, committed 80384K, reserved 1179648K
  class space    used 11177K, committed 12224K, reserved 1048576K
}
Event: 98.100 GC heap after
{Heap after GC invocations=45 (full 0):
 garbage-first heap   total 573440K, used 272384K [0x0000000740000000, 0x0000000800000000)
  region size 2048K, 5 young (10240K), 5 survivors (10240K)
 Metaspace       used 78259K, committed 80384K, reserved 1179648K
  class space    used 11177K, committed 12224K, reserved 1048576K
}
Event: 98.211 GC heap before
{Heap before GC invocations=45 (full 0):
 garbage-first heap   total 573440K, used 309248K [0x0000000740000000, 0x0000000800000000)
  region size 2048K, 23 young (47104K), 5 survivors (10240K)
 Metaspace       used 78259K, committed 80384K, reserved 1179648K
  class space    used 11177K, committed 12224K, reserved 1048576K
}

