# JRE version: OpenJDK Runtime Environment Temurin-21.0.9+10 (21.0.9+10) (build 21.0.9+10-LTS)
# Java VM: OpenJDK 64-Bit Server VM Temurin-21.0.9+10 (21.0.9+10-LTS, mixed mode, sharing, tiered, compressed oops, compressed class ptrs, g1 gc, windows-amd64)
GC Precious Log:
 CardTable entry size: 512
 Card Set container configuration: InlinePtr #cards 5 size 8 Array Of Cards #cards 12 size 40 Howl #buckets 4 coarsen threshold 1843 Howl Bitmap #cards 512 size 80 coarsen threshold 460 Card regions per heap region 1 cards per card region 2048
 CPUs: 4 total, 4 available
 Memory: 4000M
 Large Page Support: Disabled
 NUMA Support: Disabled
 Compressed Oops: Enabled (32-bit)
 Heap Region Size: 1M
 Heap Min Capacity: 8M
 Heap Initial Capacity: 64M
 Heap Max Capacity: 2G
 Pre-touch: Disabled
 Parallel Workers: 4
 Concurrent Workers: 1
 Concurrent Refinement Workers: 4
 Periodic GC: Disabled
Heap:
 garbage-first heap   total 542720K, used 370688K [0x0000000080000000, 0x0000000100000000)
  region size 1024K, 7 young (7168K), 7 survivors (7168K)
 Metaspace       used 86607K, committed 88832K, reserved 1179648K
  class space    used 12257K, committed 13376K, reserved 1048576K
GC Heap History (20 events):
Event: 92.519 GC heap after
{Heap after GC invocations=37 (full 0):
 garbage-first heap   total 215040K, used 115420K [0x0000000080000000, 0x0000000100000000)
  region size 1024K, 6 young (6144K), 6 survivors (6144K)
 Metaspace       used 76025K, committed 78144K, reserved 1179648K
  class space    used 10850K, committed 11904K, reserved 1048576K
}
Event: 99.484 GC heap before
{Heap before GC invocations=38 (full 0):
 garbage-first heap   total 239616K, used 237276K [0x0000000080000000, 0x0000000100000000)
  region size 1024K, 42 young (43008K), 6 survivors (6144K)
 Metaspace       used 78813K, committed 80960K, reserved 1179648K
  class space    used 11146K, committed 12224K, reserved 1048576K
}
Event: 99.565 GC heap after
{Heap after GC invocations=39 (full 0):
 garbage-first heap   total 247808K, used 120061K [0x0000000080000000, 0x0000000100000000)
  region size 1024K, 8 young (8192K), 8 survivors (8192K)
 Metaspace       used 78813K, committed 80960K, reserved 1179648K
  class space    used 11146K, committed 12224K, reserved 1048576K
}
Event: 105.761 GC heap before
{Heap before GC invocations=39 (full 0):
 garbage-first heap   total 247808K, used 246013K [0x0000000080000000, 0x0000000100000000)
  region size 1024K, 101 young (103424K), 8 survivors (8192K)
 Metaspace       used 86105K, committed 88320K, reserved 1179648K
  class space    used 12212K, committed 13312K, reserved 1048576K
}
Event: 105.899 GC heap after
{Heap after GC invocations=40 (full 0):
 garbage-first heap   total 271360K, used 140650K [0x0000000080000000, 0x0000000100000000)
  region size 1024K, 14 young (14336K), 14 survivors (14336K)
 Metaspace       used 86105K, committed 88320K, reserved 1179648K
  class space    used 12212K, committed 13312K, reserved 1048576K
}
Event: 106.080 GC heap before
{Heap before GC invocations=40 (full 0):
 garbage-first heap   total 271360K, used 141674K [0x0000000080000000, 0x0000000100000000)
  region size 1024K, 16 young (16384K), 14 survivors (14336K)
 Metaspace       used 86105K, committed 88320K, reserved 1179648K
  class space    used 12212K, committed 13312K, reserved 1048576K
}
Event: 106.140 GC heap after
{Heap after GC invocations=41 (full 0):
 garbage-first heap   total 271360K, used 143360K [0x0000000080000000, 0x0000000100000000)
  region size 1024K, 2 young (2048K), 2 survivors (2048K)
 Metaspace       used 86105K, committed 88320K, reserved 1179648K
  class space    used 12212K, committed 13312K, reserved 1048576K
}
Event: 106.676 GC heap before
{Heap before GC invocations=41 (full 0):
 garbage-first heap   total 271360K, used 210944K [0x0000000080000000, 0x0000000100000000)
  region size 1024K, 65 young (66560K), 2 survivors (2048K)
 Metaspace       used 86188K, committed 88384K, reserved 1179648K
  class space    used 12221K, committed 13312K, reserved 1048576K
}
Event: 106.755 GC heap after
{Heap after GC invocations=42 (full 0):
 garbage-first heap   total 271360K, used 188416K [0x0000000080000000, 0x0000000100000000)
  region size 1024K, 9 young (9216K), 9 survivors (9216K)
 Metaspace       used 86188K, committed 88384K, reserved 1179648K
  class space    used 12221K, committed 13312K, reserved 1048576K
}
Event: 106.949 GC heap before
{Heap before GC invocations=42 (full 0):
 garbage-first heap   total 271360K, used 224256K [0x0000000080000000, 0x0000000100000000)
  region size 1024K, 44 young (45056K), 9 survivors (9216K)
 Metaspace       used 86188K, committed 88384K, reserved 1179648K
  class space    used 12221K, committed 13312K, reserved 1048576K
}
Event: 107.089 GC heap after
{Heap after GC invocations=43 (full 0):
 garbage-first heap   total 542720K, used 212992K [0x0000000080000000, 0x0000000100000000)
  region size 1024K, 6 young (6144K), 6 survivors (6144K)
 Metaspace       used 86188K, committed 88384K, reserved 1179648K
  class space    used 12221K, committed 13312K, reserved 1048576K
}
Event: 108.471 GC heap before
{Heap before GC invocations=44 (full 0):
 garbage-first heap   total 542720K, used 277504K [0x0000000080000000, 0x0000000100000000)
  region size 1024K, 69 young (70656K), 6 survivors (6144K)
 Metaspace       used 86300K, committed 88512K, reserved 1179648K
  class space    used 12233K, committed 13312K, reserved 1048576K
}
Event: 108.776 GC heap after
{Heap after GC invocations=45 (full 0):
 garbage-first heap   total 542720K, used 256512K [0x0000000080000000, 0x0000000100000000)
  region size 1024K, 9 young (9216K), 9 survivors (9216K)
 Metaspace       used 86300K, committed 88512K, reserved 1179648K
  class space    used 12233K, committed 13312K, reserved 1048576K
}
Event: 113.513 GC heap before
{Heap before GC invocations=45 (full 0):
 garbage-first heap   total 542720K, used 390656K [0x0000000080000000, 0x0000000100000000)
  region size 1024K, 26 young (26624K), 9 survivors (9216K)
 Metaspace       used 86607K, committed 88832K, reserved 1179648K
  class space    used 12257K, committed 13376K, reserved 1048576K
}
Event: 113.789 GC heap after
{Heap after GC invocations=46 (full 0):
 garbage-first heap   total 542720K, used 271872K [0x0000000080000000, 0x0000000100000000)
  region size 1024K, 4 young (4096K), 4 survivors (4096K)
 Metaspace       used 86607K, committed 88832K, reserved 1179648K
  class space    used 12257K, committed 13376K, reserved 1048576K
}
Event: 113.928 GC heap before
{Heap before GC invocations=46 (full 0):
 garbage-first heap   total 542720K, used 297472K [0x0000000080000000, 0x0000000100000000)
  region size 1024K, 26 young (26624K), 4 survivors (4096K)
 Metaspace       used 86607K, committed 88832K, reserved 1179648K
  class space    used 12257K, committed 13376K, reserved 1048576K
}
Event: 114.032 GC heap after
{Heap after GC invocations=47 (full 0):
 garbage-first heap   total 542720K, used 293888K [0x0000000080000000, 0x0000000100000000)
  region size 1024K, 4 young (4096K), 4 survivors (4096K)
 Metaspace       used 86607K, committed 88832K, reserved 1179648K
  class space    used 12257K, committed 13376K, reserved 1048576K
}
Event: 114.210 GC heap before
{Heap before GC invocations=47 (full 0):
 garbage-first heap   total 542720K, used 363520K [0x0000000080000000, 0x0000000100000000)
  region size 1024K, 72 young (73728K), 4 survivors (4096K)
 Metaspace       used 86607K, committed 88832K, reserved 1179648K
  class space    used 12257K, committed 13376K, reserved 1048576K
}
Event: 114.352 GC heap after
{Heap after GC invocations=48 (full 0):
 garbage-first heap   total 542720K, used 339968K [0x0000000080000000, 0x0000000100000000)
  region size 1024K, 9 young (9216K), 9 survivors (9216K)
 Metaspace       used 86607K, committed 88832K, reserved 1179648K
  class space    used 12257K, committed 13376K, reserved 1048576K
}
Event: 114.625 GC heap before
{Heap before GC invocations=48 (full 0):
 garbage-first heap   total 542720K, used 384000K [0x0000000080000000, 0x0000000100000000)
  region size 1024K, 52 young (53248K), 9 survivors (9216K)
 Metaspace       used 86607K, committed 88832K, reserved 1179648K
  class space    used 12257K, committed 13376K, reserved 1048576K
}

