# JRE version: OpenJDK Runtime Environment Temurin-21.0.9+10 (21.0.9+10) (build 21.0.9+10-LTS)
# Java VM: OpenJDK 64-Bit Server VM Temurin-21.0.9+10 (21.0.9+10-LTS, mixed mode, sharing, tiered, compressed oops, compressed class ptrs, g1 gc, windows-amd64)
GC Precious Log:
 CardTable entry size: 512
 Card Set container configuration: InlinePtr #cards 4 size 8 Array Of Cards #cards 16 size 48 Howl #buckets 8 coarsen threshold 3686 Howl Bitmap #cards 512 size 80 coarsen threshold 460 Card regions per heap region 1 cards per card region 4096
 CPUs: 4 total, 4 available
 Memory: 4000M
 Large Page Support: Disabled
 NUMA Support: Disabled
 Compressed Oops: Enabled (Zero based)
 Heap Region Size: 2M
 Heap Min Capacity: 8M
 Heap Initial Capacity: 64M
 Heap Max Capacity: 3G
 Pre-touch: Disabled
 Parallel Workers: 4
 Concurrent Workers: 1
 Concurrent Refinement Workers: 4
 Periodic GC: Disabled
Heap:
 garbage-first heap   total 638976K, used 386048K [0x0000000740000000, 0x0000000800000000)
  region size 2048K, 4 young (8192K), 4 survivors (8192K)
 Metaspace       used 71631K, committed 73664K, reserved 1114112K
  class space    used 10227K, committed 11200K, reserved 1048576K
GC Heap History (20 events):
Event: 25.886 GC heap after
{Heap after GC invocations=28 (full 0):
 garbage-first heap   total 139264K, used 65035K [0x0000000740000000, 0x0000000800000000)
  region size 2048K, 4 young (8192K), 4 survivors (8192K)
 Metaspace       used 70092K, committed 72128K, reserved 1114112K
  class space    used 10028K, committed 11008K, reserved 1048576K
}
Event: 26.052 GC heap before
{Heap before GC invocations=28 (full 0):
 garbage-first heap   total 139264K, used 73227K [0x0000000740000000, 0x0000000800000000)
  region size 2048K, 5 young (10240K), 4 survivors (8192K)
 Metaspace       used 70097K, committed 72128K, reserved 1114112K
  class space    used 10028K, committed 11008K, reserved 1048576K
}
Event: 26.070 GC heap after
{Heap after GC invocations=29 (full 0):
 garbage-first heap   total 194560K, used 66198K [0x0000000740000000, 0x0000000800000000)
  region size 2048K, 4 young (8192K), 4 survivors (8192K)
 Metaspace       used 70097K, committed 72128K, reserved 1114112K
  class space    used 10028K, committed 11008K, reserved 1048576K
}
Event: 26.716 GC heap before
{Heap before GC invocations=29 (full 0):
 garbage-first heap   total 194560K, used 154262K [0x0000000740000000, 0x0000000800000000)
  region size 2048K, 39 young (79872K), 4 survivors (8192K)
 Metaspace       used 70249K, committed 72256K, reserved 1114112K
  class space    used 10043K, committed 11008K, reserved 1048576K
}
Event: 26.823 GC heap after
{Heap after GC invocations=30 (full 0):
 garbage-first heap   total 212992K, used 120524K [0x0000000740000000, 0x0000000800000000)
  region size 2048K, 5 young (10240K), 5 survivors (10240K)
 Metaspace       used 70249K, committed 72256K, reserved 1114112K
  class space    used 10043K, committed 11008K, reserved 1048576K
}
Event: 26.899 GC heap before
{Heap before GC invocations=30 (full 0):
 garbage-first heap   total 212992K, used 161484K [0x0000000740000000, 0x0000000800000000)
  region size 2048K, 25 young (51200K), 5 survivors (10240K)
 Metaspace       used 70249K, committed 72256K, reserved 1114112K
  class space    used 10043K, committed 11008K, reserved 1048576K
}
Event: 26.988 GC heap after
{Heap after GC invocations=31 (full 0):
 garbage-first heap   total 212992K, used 150528K [0x0000000740000000, 0x0000000800000000)
  region size 2048K, 4 young (8192K), 4 survivors (8192K)
 Metaspace       used 70249K, committed 72256K, reserved 1114112K
  class space    used 10043K, committed 11008K, reserved 1048576K
}
Event: 27.057 GC heap before
{Heap before GC invocations=31 (full 0):
 garbage-first heap   total 212992K, used 175104K [0x0000000740000000, 0x0000000800000000)
  region size 2048K, 16 young (32768K), 4 survivors (8192K)
 Metaspace       used 70342K, committed 72320K, reserved 1114112K
  class space    used 10054K, committed 11008K, reserved 1048576K
}
Event: 27.105 GC heap after
{Heap after GC invocations=32 (full 0):
 garbage-first heap   total 212992K, used 168960K [0x0000000740000000, 0x0000000800000000)
  region size 2048K, 2 young (4096K), 2 survivors (4096K)
 Metaspace       used 70342K, committed 72320K, reserved 1114112K
  class space    used 10054K, committed 11008K, reserved 1048576K
}
Event: 27.202 GC heap before
{Heap before GC invocations=32 (full 0):
 garbage-first heap   total 212992K, used 185344K [0x0000000740000000, 0x0000000800000000)
  region size 2048K, 10 young (20480K), 2 survivors (4096K)
 Metaspace       used 70358K, committed 72384K, reserved 1114112K
  class space    used 10054K, committed 11008K, reserved 1048576K
}
Event: 27.246 GC heap after
{Heap after GC invocations=33 (full 0):
 garbage-first heap   total 638976K, used 182272K [0x0000000740000000, 0x0000000800000000)
  region size 2048K, 2 young (4096K), 2 survivors (4096K)
 Metaspace       used 70358K, committed 72384K, reserved 1114112K
  class space    used 10054K, committed 11008K, reserved 1048576K
}
Event: 31.650 GC heap before
{Heap before GC invocations=34 (full 0):
 garbage-first heap   total 638976K, used 378880K [0x0000000740000000, 0x0000000800000000)
  region size 2048K, 46 young (94208K), 2 survivors (4096K)
 Metaspace       used 71379K, committed 73408K, reserved 1114112K
  class space    used 10218K, committed 11200K, reserved 1048576K
}
Event: 32.280 GC heap after
{Heap after GC invocations=35 (full 0):
 garbage-first heap   total 638976K, used 207552K [0x0000000740000000, 0x0000000800000000)
  region size 2048K, 6 young (12288K), 6 survivors (12288K)
 Metaspace       used 71379K, committed 73408K, reserved 1114112K
  class space    used 10218K, committed 11200K, reserved 1048576K
}
Event: 33.114 GC heap before
{Heap before GC invocations=35 (full 0):
 garbage-first heap   total 638976K, used 307904K [0x0000000740000000, 0x0000000800000000)
  region size 2048K, 47 young (96256K), 6 survivors (12288K)
 Metaspace       used 71486K, committed 73472K, reserved 1114112K
  class space    used 10227K, committed 11200K, reserved 1048576K
}
Event: 33.322 GC heap after
{Heap after GC invocations=36 (full 0):
 garbage-first heap   total 638976K, used 267264K [0x0000000740000000, 0x0000000800000000)
  region size 2048K, 6 young (12288K), 6 survivors (12288K)
 Metaspace       used 71486K, committed 73472K, reserved 1114112K
  class space    used 10227K, committed 11200K, reserved 1048576K
}
Event: 33.436 GC heap before
{Heap before GC invocations=36 (full 0):
 garbage-first heap   total 638976K, used 314368K [0x0000000740000000, 0x0000000800000000)
  region size 2048K, 29 young (59392K), 6 survivors (12288K)
 Metaspace       used 71486K, committed 73472K, reserved 1114112K
  class space    used 10227K, committed 11200K, reserved 1048576K
}
Event: 33.548 GC heap after
{Heap after GC invocations=37 (full 0):
 garbage-first heap   total 638976K, used 301056K [0x0000000740000000, 0x0000000800000000)
  region size 2048K, 4 young (8192K), 4 survivors (8192K)
 Metaspace       used 71486K, committed 73472K, reserved 1114112K
  class space    used 10227K, committed 11200K, reserved 1048576K
}
Event: 33.623 GC heap before
{Heap before GC invocations=37 (full 0):
 garbage-first heap   total 638976K, used 346112K [0x0000000740000000, 0x0000000800000000)
  region size 2048K, 27 young (55296K), 4 survivors (8192K)
 Metaspace       used 71486K, committed 73472K, reserved 1114112K
  class space    used 10227K, committed 11200K, reserved 1048576K
}
Event: 33.736 GC heap after
{Heap after GC invocations=38 (full 0):
 garbage-first heap   total 638976K, used 338944K [0x0000000740000000, 0x0000000800000000)
  region size 2048K, 5 young (10240K), 5 survivors (10240K)
 Metaspace       used 71486K, committed 73472K, reserved 1114112K
  class space    used 10227K, committed 11200K, reserved 1048576K
}
Event: 34.406 GC heap before
{Heap before GC invocations=38 (full 0):
 garbage-first heap   total 638976K, used 414720K [0x0000000740000000, 0x0000000800000000)
  region size 2048K, 32 young (65536K), 5 survivors (10240K)
 Metaspace       used 71631K, committed 73664K, reserved 1114112K
  class space    used 10227K, committed 11200K, reserved 1048576K
}

